Projet/platforms/android/CordovaLib/build/intermediates/manifest_merge_blame_file/debug/manifest-merger-blame-debug-report.txt
1<?xml version="1.0" encoding="utf-8"?>
2<!--
3       Licensed to the Apache Software Foundation (ASF) under one
4       or more contributor license agreements.  See the NOTICE file
5       distributed with this work for additional information
6       regarding copyright ownership.  The ASF licenses this file
7       to you under the Apache License, Version 2.0 (the
8       "License"); you may not use this file except in compliance
9       with the License.  You may obtain a copy of the License at
10
11         http://www.apache.org/licenses/LICENSE-2.0
12
13       Unless required by applicable law or agreed to in writing,
14       software distributed under the License is distributed on an
15       "AS IS" BASIS, WITHOUT WARRANTIES OR CONDITIONS OF ANY
16       KIND, either express or implied.  See the License for the
17       specific language governing permissions and limitations
18       under the License.
19-->
20<manifest xmlns:android="http://schemas.android.com/apk/res/android"
21    package="org.apache.cordova"
22    android:versionCode="1"
23    android:versionName="1.0" >
24
25    <uses-sdk android:minSdkVersion="19" />
25-->android\CordovaLib\AndroidManifest.xml
26
27</manifest>